#
# A fatal error has been detected by the Java Runtime Environment:
#
#  EXCEPTION_ACCESS_VIOLATION (0xc0000005) at pc=0x000000006eec3b8b, pid=16428, tid=19056
#
# JRE version: Java(TM) SE Runtime Environment (7.0_67-b01) (build 1.7.0_67-b01)
# Java VM: Java HotSpot(TM) 64-Bit Server VM (24.65-b04 mixed mode windows-amd64 compressed oops)
# Problematic frame:
# V  [jvm.dll+0x143b8b]
#
# Failed to write core dump. Minidumps are not enabled by default on client versions of Windows
#
# If you would like to submit a bug report, please visit:
#   http://bugreport.sun.com/bugreport/crash.jsp
#

---------------  T H R E A D  ---------------

Current thread (0x000000001009a800):  JavaThread "JDWP Transport Listener: dt_socket" daemon [_thread_in_vm, id=19056, stack(0x0000000012850000,0x0000000012950000)]

siginfo: ExceptionCode=0xc0000005, reading address 0x000000422bcbb909

Registers:
RAX=0xfefefefefefefefe, RBX=0x000000422bcbb901, RCX=0x00000007ac3d5528, RDX=0x0000000000000000
RSP=0x000000001294f6d0, RBP=0x00000007ac3d5528, RSI=0x000000001294f7e8, RDI=0x0000000002639090
R8 =0x000000001009a800, R9 =0x6c2f625700080037, R10=0x0000000000000000, R11=0x00000000113e4833
R12=0x0000000000000000, R13=0x00000000026cf8a8, R14=0x0000000000000000, R15=0x0000000000000000
RIP=0x000000006eec3b8b, EFLAGS=0x0000000000010202

Top of Stack: (sp=0x000000001294f6d0)
0x000000001294f6d0:   000000001009a800 00000000113e38a0
0x000000001294f6e0:   000000001294f798 000000006f064dd9
0x000000001294f6f0:   000000001009a800 000000006f082982
0x000000001294f700:   0000000000000000 000000006e548e8d
0x000000001294f710:   00000000111454f0 000000006e552666
0x000000001294f720:   000000001009a800 0000000000000000
0x000000001294f730:   0000000000000000 0000000000000000
0x000000001294f740:   00000007ac3d5528 000000006e55175d
0x000000001294f750:   000000001294f7e8 000000001294f7c0
0x000000001294f760:   0000000000000001 00000000111454f0
0x000000001294f770:   00000007ac3d5528 000000006e5353b3
0x000000001294f780:   000000001294f8b0 0000000000000001
0x000000001294f790:   0000000000000001 00000000111454f0
0x000000001294f7a0:   0000000000000009 0000000000000000
0x000000001294f7b0:   0000000000000000 0000000000000000
0x000000001294f7c0:   0000000000000001 000000006e535571 

Instructions: (pc=0x000000006eec3b8b)
0x000000006eec3b6b:   48 8b 19 48 85 db 74 4c 48 b8 fe fe fe fe fe fe
0x000000006eec3b7b:   fe fe 48 3b d8 74 3d 80 3d 0f 04 61 00 00 74 15
0x000000006eec3b8b:   8b 43 08 8b 0d 24 0d 5b 00 48 d3 e0 48 03 05 12
0x000000006eec3b9b:   0d 5b 00 eb 04 48 8b 43 08 48 8b 50 10 48 8d 48 


Register to memory mapping:

RAX=0xfefefefefefefefe is an unknown value
RBX=0x000000422bcbb901 is an unknown value
RCX=0x00000007ac3d5528 is an oop
sun.reflect.DelegatingClassLoader 
 - klass: 'sun/reflect/DelegatingClassLoader'
RDX=0x0000000000000000 is an unknown value
RSP=0x000000001294f6d0 is pointing into the stack for thread: 0x000000001009a800
RBP=0x00000007ac3d5528 is an oop
sun.reflect.DelegatingClassLoader 
 - klass: 'sun/reflect/DelegatingClassLoader'
RSI=0x000000001294f7e8 is pointing into the stack for thread: 0x000000001009a800
RDI=0x0000000002639090 is an unknown value
R8 =0x000000001009a800 is a thread
R9 =0x6c2f625700080037 is an unknown value
R10=0x0000000000000000 is an unknown value
R11=0x00000000113e4833 is an unknown value
R12=0x0000000000000000 is an unknown value
R13=0x00000000026cf8a8 is an unknown value
R14=0x0000000000000000 is an unknown value
R15=0x0000000000000000 is an unknown value


Stack: [0x0000000012850000,0x0000000012950000],  sp=0x000000001294f6d0,  free space=1021k
Native frames: (J=compiled Java code, j=interpreted, Vv=VM code, C=native code)
V  [jvm.dll+0x143b8b]


---------------  P R O C E S S  ---------------

Java Threads: ( => current thread )
  0x0000000011294800 JavaThread "Abandoned connection cleanup thread" daemon [_thread_blocked, id=7704, stack(0x0000000013270000,0x0000000013370000)]
  0x000000001115a000 JavaThread "Service Thread" daemon [_thread_blocked, id=18560, stack(0x0000000013170000,0x0000000013270000)]
  0x0000000011159800 JavaThread "C2 CompilerThread1" daemon [_thread_blocked, id=9752, stack(0x0000000013020000,0x0000000013120000)]
  0x0000000011163800 JavaThread "C2 CompilerThread0" daemon [_thread_blocked, id=17660, stack(0x0000000012d90000,0x0000000012e90000)]
  0x0000000011147800 JavaThread "JDWP Command Reader" daemon [_thread_in_native, id=17748, stack(0x0000000012c20000,0x0000000012d20000)]
  0x0000000011144800 JavaThread "JDWP Event Helper Thread" daemon [_thread_blocked, id=19432, stack(0x0000000012a40000,0x0000000012b40000)]
=>0x000000001009a800 JavaThread "JDWP Transport Listener: dt_socket" daemon [_thread_in_vm, id=19056, stack(0x0000000012850000,0x0000000012950000)]
  0x0000000010094000 JavaThread "Attach Listener" daemon [_thread_blocked, id=18852, stack(0x00000000126c0000,0x00000000127c0000)]
  0x0000000010093800 JavaThread "Signal Dispatcher" daemon [_thread_blocked, id=17532, stack(0x00000000125c0000,0x00000000126c0000)]
  0x0000000010086800 JavaThread "Finalizer" daemon [_thread_blocked, id=16756, stack(0x0000000012360000,0x0000000012460000)]
  0x000000000273a800 JavaThread "Reference Handler" daemon [_thread_blocked, id=19412, stack(0x0000000012230000,0x0000000012330000)]
  0x000000000263f800 JavaThread "main" [_thread_in_native, id=9960, stack(0x0000000002780000,0x0000000002880000)]

Other Threads:
  0x000000001007c800 VMThread [stack: 0x0000000012070000,0x0000000012170000] [id=18000]
  0x0000000011166000 WatcherThread [stack: 0x0000000012ef0000,0x0000000012ff0000] [id=11564]

VM state:not at safepoint (normal execution)

VM Mutex/Monitor currently owned by a thread: None

Heap
 PSYoungGen      total 76800K, used 57413K [0x00000007aae00000, 0x00000007b0380000, 0x0000000800000000)
  eden space 66048K, 80% used [0x00000007aae00000,0x00000007ae1c6218,0x00000007aee80000)
  from space 10752K, 40% used [0x00000007aee80000,0x00000007af2cb510,0x00000007af900000)
  to   space 10752K, 0% used [0x00000007af900000,0x00000007af900000,0x00000007b0380000)
 ParOldGen       total 174080K, used 8K [0x0000000700a00000, 0x000000070b400000, 0x00000007aae00000)
  object space 174080K, 0% used [0x0000000700a00000,0x0000000700a02000,0x000000070b400000)
 PSPermGen       total 21504K, used 9022K [0x00000006fb800000, 0x00000006fcd00000, 0x0000000700a00000)
  object space 21504K, 41% used [0x00000006fb800000,0x00000006fc0cfa98,0x00000006fcd00000)

Card table byte_map: [0x0000000005940000,0x0000000006170000] byte_map_base: 0x0000000002164000

Polling page: 0x0000000000380000

Code Cache  [0x0000000002880000, 0x0000000002af0000, 0x0000000005880000)
 total_blobs=402 nmethods=117 adapters=245 free_code_cache=48412Kb largest_free_block=49551040

Compilation events (10 events):
Event: 346.951 Thread 0x0000000011163800  112             com.sun.crypto.provider.AESCrypt::makeSessionKey (790 bytes)
Event: 346.983 Thread 0x0000000011163800 nmethod 112 0x000000000293aa10 code [0x000000000293abe0, 0x000000000293cc48]
Event: 348.102 Thread 0x0000000011159800  113             com.jcraft.jsch.KeyExchange::guess (493 bytes)
Event: 348.117 Thread 0x0000000011159800 nmethod 113 0x0000000002935c90 code [0x0000000002935ee0, 0x0000000002937190]
Event: 471.350 Thread 0x0000000011163800  114             java.lang.ref.ReferenceQueue::reallyPoll (69 bytes)
Event: 471.351 Thread 0x0000000011163800 nmethod 114 0x0000000002931950 code [0x0000000002931aa0, 0x0000000002931c18]
Event: 909.410 Thread 0x0000000011159800  115   !         java.lang.ref.ReferenceQueue::remove (80 bytes)
Event: 909.417 Thread 0x0000000011159800 nmethod 115 0x000000000293d910 code [0x000000000293daa0, 0x000000000293e4b8]
Event: 1490.770 Thread 0x0000000011163800  116 % !         com.mysql.jdbc.AbandonedConnectionCleanupThread::run @ 4 (62 bytes)
Event: 1490.771 Thread 0x0000000011163800 nmethod 116% 0x0000000002933f90 code [0x00000000029340e0, 0x0000000002934208]

GC Heap History (2 events):
Event: 313.874 GC heap before
{Heap before GC invocations=1 (full 0):
 PSYoungGen      total 76800K, used 66048K [0x00000007aae00000, 0x00000007b0380000, 0x0000000800000000)
  eden space 66048K, 100% used [0x00000007aae00000,0x00000007aee80000,0x00000007aee80000)
  from space 10752K, 0% used [0x00000007af900000,0x00000007af900000,0x00000007b0380000)
  to   space 10752K, 0% used [0x00000007aee80000,0x00000007aee80000,0x00000007af900000)
 ParOldGen       total 174080K, used 0K [0x0000000700a00000, 0x000000070b400000, 0x00000007aae00000)
  object space 174080K, 0% used [0x0000000700a00000,0x0000000700a00000,0x000000070b400000)
 PSPermGen       total 21504K, used 8699K [0x00000006fb800000, 0x00000006fcd00000, 0x0000000700a00000)
  object space 21504K, 40% used [0x00000006fb800000,0x00000006fc07ec70,0x00000006fcd00000)
Event: 313.880 GC heap after
Heap after GC invocations=1 (full 0):
 PSYoungGen      total 76800K, used 4397K [0x00000007aae00000, 0x00000007b0380000, 0x0000000800000000)
  eden space 66048K, 0% used [0x00000007aae00000,0x00000007aae00000,0x00000007aee80000)
  from space 10752K, 40% used [0x00000007aee80000,0x00000007af2cb510,0x00000007af900000)
  to   space 10752K, 0% used [0x00000007af900000,0x00000007af900000,0x00000007b0380000)
 ParOldGen       total 174080K, used 8K [0x0000000700a00000, 0x000000070b400000, 0x00000007aae00000)
  object space 174080K, 0% used [0x0000000700a00000,0x0000000700a02000,0x000000070b400000)
 PSPermGen       total 21504K, used 8699K [0x00000006fb800000, 0x00000006fcd00000, 0x0000000700a00000)
  object space 21504K, 40% used [0x00000006fb800000,0x00000006fc07ec70,0x00000006fcd00000)
}

Deoptimization events (1 events):
Event: 15.879 Thread 0x000000000263f800 Uncommon trap: reason=null_check action=make_not_entrant pc=0x00000000028f1664 method=java.lang.String.equals(Ljava/lang/Object;)Z @ 8

Internal exceptions (10 events):
Event: 314.172 Thread 0x0000000011231000 Threw 0x00000007aae1b878 at C:\re\jdk7u67\1368\hotspot\src\share\vm\prims\jni.cpp:743
Event: 314.319 Thread 0x0000000011231000 Threw 0x00000007ac266cd8 at C:\re\jdk7u67\1368\hotspot\src\share\vm\prims\jni.cpp:743
Event: 315.352 Thread 0x0000000011231000 Threw 0x00000007ac2d4f70 at C:\re\jdk7u67\1368\hotspot\src\share\vm\prims\jni.cpp:743
Event: 316.385 Thread 0x0000000011231000 Threw 0x00000007ac460c90 at C:\re\jdk7u67\1368\hotspot\src\share\vm\prims\jni.cpp:743
Event: 345.424 Thread 0x000000001390e800 Threw 0x00000007ac4ceda8 at C:\re\jdk7u67\1368\hotspot\src\share\vm\prims\jni.cpp:743
Event: 346.457 Thread 0x000000001390e800 Threw 0x00000007ac655a88 at C:\re\jdk7u67\1368\hotspot\src\share\vm\prims\jni.cpp:743
Event: 346.935 Thread 0x000000001390e800 Threw 0x00000007ac6dbc08 at C:\re\jdk7u67\1368\hotspot\src\share\vm\prims\jni.cpp:743
Event: 347.061 Thread 0x000000001390e800 Threw 0x00000007ade8e720 at C:\re\jdk7u67\1368\hotspot\src\share\vm\prims\jni.cpp:743
Event: 348.093 Thread 0x000000001390e800 Threw 0x00000007adefc9b8 at C:\re\jdk7u67\1368\hotspot\src\share\vm\prims\jni.cpp:743
Event: 349.127 Thread 0x0000000013ef2000 Threw 0x00000007adf6ab90 at C:\re\jdk7u67\1368\hotspot\src\share\vm\prims\jni.cpp:743

Events (10 events):
Event: 19551.412 Executing VM operation: RedefineClasses
Event: 19551.414 Executing VM operation: RedefineClasses done
Event: 19678.897 Executing VM operation: RedefineClasses
Event: 19678.898 Executing VM operation: RedefineClasses done
Event: 74969.548 Executing VM operation: RedefineClasses
Event: 74969.549 Executing VM operation: RedefineClasses done
Event: 75924.909 Executing VM operation: ChangeBreakpoints
Event: 75924.909 Executing VM operation: ChangeBreakpoints done
Event: 75930.551 Executing VM operation: ChangeBreakpoints
Event: 75930.551 Executing VM operation: ChangeBreakpoints done


Dynamic libraries:
0x000000013f9e0000 - 0x000000013fa13000 	C:\Program Files\Java\jdk1.7.0_67\bin\java.exe
0x0000000077ad0000 - 0x0000000077c7a000 	C:\WINDOWS\SYSTEM32\ntdll.dll
0x00000000778b0000 - 0x00000000779cf000 	C:\WINDOWS\system32\kernel32.dll
0x000007fefdbb0000 - 0x000007fefdc1c000 	C:\WINDOWS\system32\KERNELBASE.dll
0x000007fefe8b0000 - 0x000007fefe98b000 	C:\WINDOWS\system32\ADVAPI32.dll
0x000007feffa50000 - 0x000007feffaef000 	C:\WINDOWS\system32\msvcrt.dll
0x000007fefe9f0000 - 0x000007fefea0f000 	C:\WINDOWS\SYSTEM32\sechost.dll
0x000007feffaf0000 - 0x000007feffc1d000 	C:\WINDOWS\system32\RPCRT4.dll
0x00000000779d0000 - 0x0000000077aca000 	C:\WINDOWS\system32\USER32.dll
0x000007fefde30000 - 0x000007fefde97000 	C:\WINDOWS\system32\GDI32.dll
0x000007fefdd70000 - 0x000007fefdd7e000 	C:\WINDOWS\system32\LPK.dll
0x000007fefe580000 - 0x000007fefe649000 	C:\WINDOWS\system32\USP10.dll
0x000007fefb790000 - 0x000007fefb984000 	C:\WINDOWS\WinSxS\amd64_microsoft.windows.common-controls_6595b64144ccf1df_6.0.7601.17514_none_fa396087175ac9ac\COMCTL32.dll
0x000007fefe830000 - 0x000007fefe8a1000 	C:\WINDOWS\system32\SHLWAPI.dll
0x000007fefe420000 - 0x000007fefe44e000 	C:\WINDOWS\system32\IMM32.DLL
0x000007fefe450000 - 0x000007fefe559000 	C:\WINDOWS\system32\MSCTF.dll
0x00000000756a0000 - 0x00000000756b6000 	C:\WINDOWS\system32\PGPmapih.dll
0x000007fef13a0000 - 0x000007fef1446000 	C:\Program Files\McAfee\Host Intrusion Prevention\HcApi.dll
0x0000000070fa0000 - 0x0000000070fab000 	C:\Program Files\McAfee\Host Intrusion Prevention\HcThe.dll
0x000000005d430000 - 0x000000005d502000 	C:\Program Files\Java\jdk1.7.0_67\jre\bin\msvcr100.dll
0x000000006ed80000 - 0x000000006f552000 	C:\Program Files\Java\jdk1.7.0_67\jre\bin\server\jvm.dll
0x000007fef9be0000 - 0x000007fef9be9000 	C:\WINDOWS\system32\WSOCK32.dll
0x000007feffc20000 - 0x000007feffc6d000 	C:\WINDOWS\system32\WS2_32.dll
0x000007fefde20000 - 0x000007fefde28000 	C:\WINDOWS\system32\NSI.dll
0x000007fef5da0000 - 0x000007fef5ddb000 	C:\WINDOWS\system32\WINMM.dll
0x0000000077c90000 - 0x0000000077c97000 	C:\WINDOWS\system32\PSAPI.DLL
0x00000000707b0000 - 0x00000000707bf000 	C:\Program Files\Java\jdk1.7.0_67\jre\bin\verify.dll
0x000000006e980000 - 0x000000006e9a8000 	C:\Program Files\Java\jdk1.7.0_67\jre\bin\java.dll
0x000000006e530000 - 0x000000006e565000 	C:\Program Files\Java\jdk1.7.0_67\jre\bin\jdwp.dll
0x00000000707a0000 - 0x00000000707a8000 	C:\Program Files\Java\jdk1.7.0_67\jre\bin\npt.dll
0x000000006e960000 - 0x000000006e975000 	C:\Program Files\Java\jdk1.7.0_67\jre\bin\zip.dll
0x00000000706d0000 - 0x00000000706d9000 	C:\Program Files\Java\jdk1.7.0_67\jre\bin\dt_socket.dll
0x000007fefd0b0000 - 0x000007fefd105000 	C:\WINDOWS\system32\mswsock.dll
0x000007fefcac0000 - 0x000007fefcac7000 	C:\WINDOWS\System32\wshtcpip.dll
0x000000006f980000 - 0x000000006f98b000 	C:\Program Files\Java\jdk1.7.0_67\jre\bin\management.dll
0x000000006df90000 - 0x000000006dfa9000 	C:\Program Files\Java\jdk1.7.0_67\jre\bin\net.dll
0x000007fefd0a0000 - 0x000007fefd0a7000 	C:\WINDOWS\System32\wship6.dll
0x000007fefcf30000 - 0x000007fefcf8b000 	C:\WINDOWS\system32\DNSAPI.dll
0x000007fefb440000 - 0x000007fefb467000 	C:\WINDOWS\system32\IPHLPAPI.DLL
0x000007fefb430000 - 0x000007fefb43b000 	C:\WINDOWS\system32\WINNSI.DLL
0x000007fef8b30000 - 0x000007fef8b38000 	C:\WINDOWS\system32\rasadhlp.dll
0x000007fefb1e0000 - 0x000007fefb233000 	C:\WINDOWS\System32\fwpuclnt.dll
0x0000000069ca0000 - 0x0000000069cc4000 	C:\Program Files\Java\jdk1.7.0_67\jre\bin\sunec.dll
0x000007fefc000000 - 0x000007fefc015000 	C:\WINDOWS\system32\NLAapi.dll
0x000007fef9b00000 - 0x000007fef9b15000 	C:\WINDOWS\system32\napinsp.dll
0x000007fef9ae0000 - 0x000007fef9af9000 	C:\WINDOWS\system32\pnrpnsp.dll
0x000007fef9ad0000 - 0x000007fef9adb000 	C:\WINDOWS\System32\winrnr.dll
0x000000006f970000 - 0x000000006f97b000 	C:\Program Files\Java\jdk1.7.0_67\jre\bin\sunmscapi.dll
0x000007fefd960000 - 0x000007fefdacc000 	C:\WINDOWS\system32\CRYPT32.dll
0x000007fefd910000 - 0x000007fefd91f000 	C:\WINDOWS\system32\MSASN1.dll
0x000007fefd110000 - 0x000007fefd127000 	C:\WINDOWS\system32\CRYPTSP.dll
0x000007fefce10000 - 0x000007fefce57000 	C:\WINDOWS\system32\rsaenh.dll
0x000007fefdb80000 - 0x000007fefdb9e000 	C:\WINDOWS\system32\USERENV.dll
0x000007fefd920000 - 0x000007fefd92f000 	C:\WINDOWS\system32\profapi.dll
0x000007fefd770000 - 0x000007fefd77f000 	C:\WINDOWS\system32\CRYPTBASE.dll
0x000007fefb260000 - 0x000007fefb271000 	C:\WINDOWS\system32\dhcpcsvc6.DLL
0x000007fefb240000 - 0x000007fefb258000 	C:\WINDOWS\system32\dhcpcsvc.DLL
0x000000006ac70000 - 0x000000006ac81000 	C:\Program Files\Java\jdk1.7.0_67\jre\bin\nio.dll
0x000007fefbdc0000 - 0x000007fefbee5000 	C:\WINDOWS\system32\dbghelp.dll

VM Arguments:
jvm_args: -agentlib:jdwp=transport=dt_socket,address=127.0.0.1:64133,suspend=y,server=n -Dfile.encoding=UTF-8 
java_command: com.sap.hana.tpch.interaction.console.TestHana
Launcher Type: SUN_STANDARD

Environment Variables:
PATH=C:\WINDOWS\system32;C:\WINDOWS;C:\WINDOWS\System32\Wbem;c:\Program Files (x86)\Microsoft Application Virtualization Client;c:\Program Files (x86)\Open Text\View\bin;C:\WINDOWS\System32\WindowsPowerShell\v1.0\;C:\WINDOWS\System32\WindowsPowerShell\v1.0\;C:\Program Files (x86)\ATI Technologies\ATI.ACE\Core-Static;C:\Program Files (x86)\OpenText\Viewer\bin;C:\Program Files (x86)\Windows Kits\8.1\Windows Performance Toolkit\;C:\Program Files\Microsoft SQL Server\110\Tools\Binn\;C:\Program Files\Java\jre7\bin
USERNAME=C5213040
OS=Windows_NT
PROCESSOR_IDENTIFIER=Intel64 Family 6 Model 42 Stepping 7, GenuineIntel



---------------  S Y S T E M  ---------------

OS: Windows 7 , 64 bit Build 7601 Service Pack 1

CPU:total 8 (4 cores per cpu, 2 threads per core) family 6 model 42 stepping 7, cmov, cx8, fxsr, mmx, sse, sse2, sse3, ssse3, sse4.1, sse4.2, popcnt, avx, aes, ht, tsc, tscinvbit

Memory: 4k page, physical 16734536k(10841712k free), swap 33774416k(25658020k free)

vm_info: Java HotSpot(TM) 64-Bit Server VM (24.65-b04) for windows-amd64 JRE (1.7.0_67-b01), built on Jul 25 2014 08:55:00 by "java_re" with unknown MS VC++:1600

time: Mon Oct 13 10:32:50 2014
elapsed time: 79823 seconds

