#
# A fatal error has been detected by the Java Runtime Environment:
#
#  EXCEPTION_ACCESS_VIOLATION (0xc0000005) at pc=0x000000006ea33b6b, pid=3572, tid=10912
#
# JRE version: Java(TM) SE Runtime Environment (7.0_67-b01) (build 1.7.0_67-b01)
# Java VM: Java HotSpot(TM) 64-Bit Server VM (24.65-b04 mixed mode windows-amd64 compressed oops)
# Problematic frame:
# V  [jvm.dll+0x143b6b]
#
# Failed to write core dump. Minidumps are not enabled by default on client versions of Windows
#
# If you would like to submit a bug report, please visit:
#   http://bugreport.sun.com/bugreport/crash.jsp
#

---------------  T H R E A D  ---------------

Current thread (0x000000001000b800):  JavaThread "JDWP Transport Listener: dt_socket" daemon [_thread_in_vm, id=10912, stack(0x0000000012b40000,0x0000000012c40000)]

siginfo: ExceptionCode=0xc0000005, reading address 0x00000000ac03ac04

Registers:
RAX=0x0000000012c3f501, RBX=0x000000001000b800, RCX=0x00000000ac03ac04, RDX=0x0000000000000000
RSP=0x0000000012c3f500, RBP=0x00000000ac03ac04, RSI=0x0000000012c3f618, RDI=0x00000000026e9010
R8 =0x000000001000b800, R9 =0x532f63870065002d, R10=0x0000000000000000, R11=0x0000000013ae12c2
R12=0x0000000000000000, R13=0x000000000266f7f8, R14=0x0000000000000000, R15=0x0000000000000000
RIP=0x000000006ea33b6b, EFLAGS=0x0000000000010202

Top of Stack: (sp=0x0000000012c3f500)
0x0000000012c3f500:   000000001000b800 000000000000000c
0x0000000012c3f510:   0000000012c3f5c8 000000006ebd4dd9
0x0000000012c3f520:   000000001000b800 000000006ebf2982
0x0000000012c3f530:   0000000000000000 000000006a6f8e8d
0x0000000012c3f540:   0000000011313270 000000006a702666
0x0000000012c3f550:   000000001000b800 0000000000000000
0x0000000012c3f560:   0000000000000000 0000000000000000
0x0000000012c3f570:   00000000ac03ac04 000000006a70175d
0x0000000012c3f580:   0000000012c3f618 0000000012c3f5f0
0x0000000012c3f590:   0000000000000001 0000000011313270
0x0000000012c3f5a0:   00000000ac03ac04 000000006a6e53b3
0x0000000012c3f5b0:   0000000012c3f6e0 0000000000000001
0x0000000012c3f5c0:   0000000000000001 0000000011313270
0x0000000012c3f5d0:   000000000000000a 0000000000000000
0x0000000012c3f5e0:   0000000000000000 0000000000000000
0x0000000012c3f5f0:   0000000000000001 000000006a6e5571 

Instructions: (pc=0x000000006ea33b6b)
0x000000006ea33b4b:   48 8b 5c 24 30 48 89 47 18 48 83 c4 20 5f c3 cc
0x000000006ea33b5b:   cc cc cc cc cc 40 53 48 83 ec 20 48 85 c9 74 54
0x000000006ea33b6b:   48 8b 19 48 85 db 74 4c 48 b8 fe fe fe fe fe fe
0x000000006ea33b7b:   fe fe 48 3b d8 74 3d 80 3d 0f 04 61 00 00 74 15 


Register to memory mapping:

RAX=0x0000000012c3f501 is pointing into the stack for thread: 0x000000001000b800
RBX=0x000000001000b800 is a thread
RCX=0x00000000ac03ac04 is an unknown value
RDX=0x0000000000000000 is an unknown value
RSP=0x0000000012c3f500 is pointing into the stack for thread: 0x000000001000b800
RBP=0x00000000ac03ac04 is an unknown value
RSI=0x0000000012c3f618 is pointing into the stack for thread: 0x000000001000b800
RDI=0x00000000026e9010 is an unknown value
R8 =0x000000001000b800 is a thread
R9 =0x532f63870065002d is an unknown value
R10=0x0000000000000000 is an unknown value
R11=0x0000000013ae12c2 is an unknown value
R12=0x0000000000000000 is an unknown value
R13=0x000000000266f7f8 is an unknown value
R14=0x0000000000000000 is an unknown value
R15=0x0000000000000000 is an unknown value


Stack: [0x0000000012b40000,0x0000000012c40000],  sp=0x0000000012c3f500,  free space=1021k
Native frames: (J=compiled Java code, j=interpreted, Vv=VM code, C=native code)
V  [jvm.dll+0x143b6b]


---------------  P R O C E S S  ---------------

Java Threads: ( => current thread )
  0x00000000110c9800 JavaThread "Service Thread" daemon [_thread_blocked, id=1348, stack(0x00000000131f0000,0x00000000132f0000)]
  0x00000000110c9000 JavaThread "C2 CompilerThread1" daemon [_thread_blocked, id=12104, stack(0x00000000130c0000,0x00000000131c0000)]
  0x00000000110d4000 JavaThread "C2 CompilerThread0" daemon [_thread_blocked, id=7484, stack(0x0000000012ed0000,0x0000000012fd0000)]
  0x00000000110b7800 JavaThread "JDWP Command Reader" daemon [_thread_in_native, id=11172, stack(0x0000000012d00000,0x0000000012e00000)]
  0x00000000110b0800 JavaThread "JDWP Event Helper Thread" daemon [_thread_blocked, id=12748, stack(0x00000000126e0000,0x00000000127e0000)]
=>0x000000001000b800 JavaThread "JDWP Transport Listener: dt_socket" daemon [_thread_in_vm, id=10912, stack(0x0000000012b40000,0x0000000012c40000)]
  0x0000000010005000 JavaThread "Attach Listener" daemon [_thread_blocked, id=3296, stack(0x0000000012810000,0x0000000012910000)]
  0x0000000010004000 JavaThread "Signal Dispatcher" daemon [_thread_blocked, id=5392, stack(0x00000000125d0000,0x00000000126d0000)]
  0x000000000fff6800 JavaThread "Finalizer" daemon [_thread_blocked, id=9420, stack(0x0000000012460000,0x0000000012560000)]
  0x00000000026da800 JavaThread "Reference Handler" daemon [_thread_blocked, id=9988, stack(0x0000000012230000,0x0000000012330000)]
  0x00000000026ef800 JavaThread "main" [_thread_in_native, id=9280, stack(0x00000000028e0000,0x00000000029e0000)]

Other Threads:
  0x000000000ffec800 VMThread [stack: 0x0000000012090000,0x0000000012190000] [id=9028]
  0x00000000110f2800 WatcherThread [stack: 0x0000000013370000,0x0000000013470000] [id=2852]

VM state:not at safepoint (normal execution)

VM Mutex/Monitor currently owned by a thread: None

Heap
 PSYoungGen      total 76800K, used 66077K [0x00000007aae00000, 0x00000007b0380000, 0x0000000800000000)
  eden space 66048K, 89% used [0x00000007aae00000,0x00000007ae768038,0x00000007aee80000)
  from space 10752K, 67% used [0x00000007aee80000,0x00000007af59f650,0x00000007af900000)
  to   space 10752K, 0% used [0x00000007af900000,0x00000007af900000,0x00000007b0380000)
 ParOldGen       total 174080K, used 8K [0x0000000700a00000, 0x000000070b400000, 0x00000007aae00000)
  object space 174080K, 0% used [0x0000000700a00000,0x0000000700a02000,0x000000070b400000)
 PSPermGen       total 21504K, used 8154K [0x00000006fb800000, 0x00000006fcd00000, 0x0000000700a00000)
  object space 21504K, 37% used [0x00000006fb800000,0x00000006fbff6a88,0x00000006fcd00000)

Card table byte_map: [0x00000000059e0000,0x0000000006210000] byte_map_base: 0x0000000002204000

Polling page: 0x0000000000280000

Code Cache  [0x00000000029e0000, 0x0000000002c50000, 0x00000000059e0000)
 total_blobs=449 nmethods=170 adapters=239 free_code_cache=48228Kb largest_free_block=49347520

Compilation events (10 events):
Event: 160.076 Thread 0x00000000110c9000  166             sun.misc.MetaIndex::mayContain (51 bytes)
Event: 160.079 Thread 0x00000000110d4000  167             java.lang.String::equals (81 bytes)
Event: 160.080 Thread 0x00000000110c9000 nmethod 166 0x0000000002ab87d0 code [0x0000000002ab8940, 0x0000000002ab8d88]
Event: 160.081 Thread 0x00000000110c9000  168             java.util.Properties::loadConvert (505 bytes)
Event: 160.083 Thread 0x00000000110d4000 nmethod 167 0x0000000002ab81d0 code [0x0000000002ab8320, 0x0000000002ab8618]
Event: 160.083 Thread 0x00000000110d4000  169             java.util.Properties$LineReader::readLine (452 bytes)
Event: 160.092 Thread 0x00000000110c9000 nmethod 168 0x0000000002ac6550 code [0x0000000002ac66c0, 0x0000000002ac72d8]
Event: 160.092 Thread 0x00000000110c9000  170 %           java.util.Properties::load0 @ 30 (250 bytes)
Event: 160.094 Thread 0x00000000110d4000 nmethod 169 0x0000000002ac9bd0 code [0x0000000002ac9d80, 0x0000000002aca6c8]
Event: 160.108 Thread 0x00000000110c9000 nmethod 170% 0x0000000002acdd10 code [0x0000000002acdf00, 0x0000000002acf650]

GC Heap History (2 events):
Event: 93.763 GC heap before
{Heap before GC invocations=1 (full 0):
 PSYoungGen      total 76800K, used 63428K [0x00000007aae00000, 0x00000007b0380000, 0x0000000800000000)
  eden space 66048K, 96% used [0x00000007aae00000,0x00000007aebf1020,0x00000007aee80000)
  from space 10752K, 0% used [0x00000007af900000,0x00000007af900000,0x00000007b0380000)
  to   space 10752K, 0% used [0x00000007aee80000,0x00000007aee80000,0x00000007af900000)
 ParOldGen       total 174080K, used 0K [0x0000000700a00000, 0x000000070b400000, 0x00000007aae00000)
  object space 174080K, 0% used [0x0000000700a00000,0x0000000700a00000,0x000000070b400000)
 PSPermGen       total 21504K, used 6971K [0x00000006fb800000, 0x00000006fcd00000, 0x0000000700a00000)
  object space 21504K, 32% used [0x00000006fb800000,0x00000006fbececf8,0x00000006fcd00000)
Event: 93.768 GC heap after
Heap after GC invocations=1 (full 0):
 PSYoungGen      total 76800K, used 7293K [0x00000007aae00000, 0x00000007b0380000, 0x0000000800000000)
  eden space 66048K, 0% used [0x00000007aae00000,0x00000007aae00000,0x00000007aee80000)
  from space 10752K, 67% used [0x00000007aee80000,0x00000007af59f650,0x00000007af900000)
  to   space 10752K, 0% used [0x00000007af900000,0x00000007af900000,0x00000007b0380000)
 ParOldGen       total 174080K, used 8K [0x0000000700a00000, 0x000000070b400000, 0x00000007aae00000)
  object space 174080K, 0% used [0x0000000700a00000,0x0000000700a02000,0x000000070b400000)
 PSPermGen       total 21504K, used 6971K [0x00000006fb800000, 0x00000006fcd00000, 0x0000000700a00000)
  object space 21504K, 32% used [0x00000006fb800000,0x00000006fbececf8,0x00000006fcd00000)
}

Deoptimization events (10 events):
Event: 160.070 Thread 0x00000000026ef800 Uncommon trap: reason=bimorphic action=maybe_recompile pc=0x0000000002a7de60 method=sun.security.provider.DigestBase.engineDigest([BII)I @ 97
Event: 160.070 Thread 0x00000000026ef800 Uncommon trap: reason=bimorphic action=maybe_recompile pc=0x0000000002a7b124 method=sun.security.provider.DigestBase.engineReset()V @ 11
Event: 160.070 Thread 0x00000000026ef800 Uncommon trap: reason=bimorphic action=maybe_recompile pc=0x0000000002a7de60 method=sun.security.provider.DigestBase.engineDigest([BII)I @ 97
Event: 160.070 Thread 0x00000000026ef800 Uncommon trap: reason=bimorphic action=maybe_recompile pc=0x0000000002a7b124 method=sun.security.provider.DigestBase.engineReset()V @ 11
Event: 160.070 Thread 0x00000000026ef800 Uncommon trap: reason=bimorphic action=maybe_recompile pc=0x0000000002a7de60 method=sun.security.provider.DigestBase.engineDigest([BII)I @ 97
Event: 160.071 Thread 0x00000000026ef800 Uncommon trap: reason=bimorphic action=maybe_recompile pc=0x0000000002a7b124 method=sun.security.provider.DigestBase.engineReset()V @ 11
Event: 160.080 Thread 0x00000000026ef800 Uncommon trap: reason=class_check action=maybe_recompile pc=0x0000000002a47360 method=java.util.Properties$LineReader.readLine()I @ 62
Event: 160.081 Thread 0x00000000026ef800 Uncommon trap: reason=class_check action=maybe_recompile pc=0x0000000002a47360 method=java.util.Properties$LineReader.readLine()I @ 62
Event: 160.082 Thread 0x00000000026ef800 Uncommon trap: reason=class_check action=maybe_recompile pc=0x0000000002a47360 method=java.util.Properties$LineReader.readLine()I @ 62
Event: 160.083 Thread 0x00000000026ef800 Uncommon trap: reason=class_check action=maybe_recompile pc=0x0000000002a47360 method=java.util.Properties$LineReader.readLine()I @ 62

Internal exceptions (10 events):
Event: 160.079 Thread 0x00000000026ef800 Threw 0x00000007ae54bc30 at C:\re\jdk7u67\1368\hotspot\src\share\vm\prims\jvm.cpp:1244
Event: 160.080 Thread 0x00000000026ef800 Threw 0x00000007ae552248 at C:\re\jdk7u67\1368\hotspot\src\share\vm\prims\jvm.cpp:1244
Event: 160.080 Thread 0x00000000026ef800 Threw 0x00000007ae553e38 at C:\re\jdk7u67\1368\hotspot\src\share\vm\prims\jvm.cpp:1244
Event: 160.087 Thread 0x00000000026ef800 Threw 0x00000007ae58f7f0 at C:\re\jdk7u67\1368\hotspot\src\share\vm\prims\jvm.cpp:1244
Event: 160.087 Thread 0x00000000026ef800 Threw 0x00000007ae591580 at C:\re\jdk7u67\1368\hotspot\src\share\vm\prims\jvm.cpp:1244
Event: 160.087 Thread 0x00000000026ef800 Threw 0x00000007ae593c40 at C:\re\jdk7u67\1368\hotspot\src\share\vm\prims\jvm.cpp:1244
Event: 160.087 Thread 0x00000000026ef800 Threw 0x00000007ae595a58 at C:\re\jdk7u67\1368\hotspot\src\share\vm\prims\jvm.cpp:1244
Event: 160.088 Thread 0x00000000026ef800 Threw 0x00000007ae599298 at C:\re\jdk7u67\1368\hotspot\src\share\vm\prims\jvm.cpp:1244
Event: 160.090 Thread 0x00000000026ef800 Threw 0x00000007ae5a95a0 at C:\re\jdk7u67\1368\hotspot\src\share\vm\interpreter\linkResolver.cpp:969
Event: 160.090 Thread 0x00000000026ef800 Threw 0x00000007ae5a9c58 at C:\re\jdk7u67\1368\hotspot\src\share\vm\prims\jvm.cpp:1244

Events (10 events):
Event: 1487.288 Executing VM operation: ChangeBreakpoints
Event: 1487.288 Executing VM operation: ChangeBreakpoints done
Event: 1487.290 Executing VM operation: ChangeBreakpoints
Event: 1487.290 Executing VM operation: ChangeBreakpoints done
Event: 1490.490 Executing VM operation: ChangeBreakpoints
Event: 1490.490 Executing VM operation: ChangeBreakpoints done
Event: 1520.613 Executing VM operation: ChangeBreakpoints
Event: 1520.613 Executing VM operation: ChangeBreakpoints done
Event: 1520.625 Executing VM operation: RedefineClasses
Event: 1520.626 Executing VM operation: RedefineClasses done


Dynamic libraries:
0x000000013f120000 - 0x000000013f153000 	C:\Program Files\Java\jdk1.7.0_67\bin\java.exe
0x0000000077ad0000 - 0x0000000077c7a000 	C:\WINDOWS\SYSTEM32\ntdll.dll
0x00000000778b0000 - 0x00000000779cf000 	C:\WINDOWS\system32\kernel32.dll
0x000007fefdbb0000 - 0x000007fefdc1c000 	C:\WINDOWS\system32\KERNELBASE.dll
0x000007fefe8b0000 - 0x000007fefe98b000 	C:\WINDOWS\system32\ADVAPI32.dll
0x000007feffa50000 - 0x000007feffaef000 	C:\WINDOWS\system32\msvcrt.dll
0x000007fefe9f0000 - 0x000007fefea0f000 	C:\WINDOWS\SYSTEM32\sechost.dll
0x000007feffaf0000 - 0x000007feffc1d000 	C:\WINDOWS\system32\RPCRT4.dll
0x00000000779d0000 - 0x0000000077aca000 	C:\WINDOWS\system32\USER32.dll
0x000007fefde30000 - 0x000007fefde97000 	C:\WINDOWS\system32\GDI32.dll
0x000007fefdd70000 - 0x000007fefdd7e000 	C:\WINDOWS\system32\LPK.dll
0x000007fefe580000 - 0x000007fefe649000 	C:\WINDOWS\system32\USP10.dll
0x000007fefb790000 - 0x000007fefb984000 	C:\WINDOWS\WinSxS\amd64_microsoft.windows.common-controls_6595b64144ccf1df_6.0.7601.17514_none_fa396087175ac9ac\COMCTL32.dll
0x000007fefe830000 - 0x000007fefe8a1000 	C:\WINDOWS\system32\SHLWAPI.dll
0x000007fefe420000 - 0x000007fefe44e000 	C:\WINDOWS\system32\IMM32.DLL
0x000007fefe450000 - 0x000007fefe559000 	C:\WINDOWS\system32\MSCTF.dll
0x00000000756a0000 - 0x00000000756b6000 	C:\WINDOWS\system32\PGPmapih.dll
0x000007fef13a0000 - 0x000007fef1446000 	C:\Program Files\McAfee\Host Intrusion Prevention\HcApi.dll
0x0000000070fa0000 - 0x0000000070fab000 	C:\Program Files\McAfee\Host Intrusion Prevention\HcThe.dll
0x0000000057a60000 - 0x0000000057b32000 	C:\Program Files\Java\jdk1.7.0_67\jre\bin\msvcr100.dll
0x000000006e8f0000 - 0x000000006f0c2000 	C:\Program Files\Java\jdk1.7.0_67\jre\bin\server\jvm.dll
0x000007fef9be0000 - 0x000007fef9be9000 	C:\WINDOWS\system32\WSOCK32.dll
0x000007feffc20000 - 0x000007feffc6d000 	C:\WINDOWS\system32\WS2_32.dll
0x000007fefde20000 - 0x000007fefde28000 	C:\WINDOWS\system32\NSI.dll
0x000007fef5da0000 - 0x000007fef5ddb000 	C:\WINDOWS\system32\WINMM.dll
0x0000000077c90000 - 0x0000000077c97000 	C:\WINDOWS\system32\PSAPI.DLL
0x0000000070900000 - 0x000000007090f000 	C:\Program Files\Java\jdk1.7.0_67\jre\bin\verify.dll
0x000000006a3f0000 - 0x000000006a418000 	C:\Program Files\Java\jdk1.7.0_67\jre\bin\java.dll
0x000000006a6e0000 - 0x000000006a715000 	C:\Program Files\Java\jdk1.7.0_67\jre\bin\jdwp.dll
0x0000000070e40000 - 0x0000000070e48000 	C:\Program Files\Java\jdk1.7.0_67\jre\bin\npt.dll
0x000000006a3d0000 - 0x000000006a3e5000 	C:\Program Files\Java\jdk1.7.0_67\jre\bin\zip.dll
0x000000006ad70000 - 0x000000006ad79000 	C:\Program Files\Java\jdk1.7.0_67\jre\bin\dt_socket.dll
0x000007fefd0b0000 - 0x000007fefd105000 	C:\WINDOWS\system32\mswsock.dll
0x000007fefcac0000 - 0x000007fefcac7000 	C:\WINDOWS\System32\wshtcpip.dll
0x000000006c290000 - 0x000000006c29b000 	C:\Program Files\Java\jdk1.7.0_67\jre\bin\management.dll
0x000000006ac70000 - 0x000000006ac89000 	C:\Program Files\Java\jdk1.7.0_67\jre\bin\net.dll
0x000007fefd0a0000 - 0x000007fefd0a7000 	C:\WINDOWS\System32\wship6.dll
0x000007fefcf30000 - 0x000007fefcf8b000 	C:\WINDOWS\system32\DNSAPI.dll
0x000007fefb440000 - 0x000007fefb467000 	C:\WINDOWS\system32\IPHLPAPI.DLL
0x000007fefb430000 - 0x000007fefb43b000 	C:\WINDOWS\system32\WINNSI.DLL
0x000007fef8b30000 - 0x000007fef8b38000 	C:\WINDOWS\system32\rasadhlp.dll
0x000007fefb1e0000 - 0x000007fefb233000 	C:\WINDOWS\System32\fwpuclnt.dll
0x000000006a3a0000 - 0x000000006a3c4000 	C:\Program Files\Java\jdk1.7.0_67\jre\bin\sunec.dll
0x000007fefc000000 - 0x000007fefc015000 	C:\WINDOWS\system32\NLAapi.dll
0x000007fef9b00000 - 0x000007fef9b15000 	C:\WINDOWS\system32\napinsp.dll
0x000007fef9ae0000 - 0x000007fef9af9000 	C:\WINDOWS\system32\pnrpnsp.dll
0x000007fef9ad0000 - 0x000007fef9adb000 	C:\WINDOWS\System32\winrnr.dll
0x000000006a820000 - 0x000000006a82b000 	C:\Program Files\Java\jdk1.7.0_67\jre\bin\sunmscapi.dll
0x000007fefd960000 - 0x000007fefdacc000 	C:\WINDOWS\system32\CRYPT32.dll
0x000007fefd910000 - 0x000007fefd91f000 	C:\WINDOWS\system32\MSASN1.dll
0x000007fefd110000 - 0x000007fefd127000 	C:\WINDOWS\system32\CRYPTSP.dll
0x000007fefce10000 - 0x000007fefce57000 	C:\WINDOWS\system32\rsaenh.dll
0x000007fefdb80000 - 0x000007fefdb9e000 	C:\WINDOWS\system32\USERENV.dll
0x000007fefd920000 - 0x000007fefd92f000 	C:\WINDOWS\system32\profapi.dll
0x000007fefd770000 - 0x000007fefd77f000 	C:\WINDOWS\system32\CRYPTBASE.dll
0x000007fefb260000 - 0x000007fefb271000 	C:\WINDOWS\system32\dhcpcsvc6.DLL
0x000007fefb240000 - 0x000007fefb258000 	C:\WINDOWS\system32\dhcpcsvc.DLL
0x000000006a1e0000 - 0x000000006a1f1000 	C:\Program Files\Java\jdk1.7.0_67\jre\bin\nio.dll
0x000007fefbdc0000 - 0x000007fefbee5000 	C:\WINDOWS\system32\dbghelp.dll

VM Arguments:
jvm_args: -agentlib:jdwp=transport=dt_socket,address=127.0.0.1:57699,suspend=y,server=n -Dfile.encoding=UTF-8 
java_command: com.sap.hana.tpch.interaction.console.Test
Launcher Type: SUN_STANDARD

Environment Variables:
PATH=C:\WINDOWS\system32;C:\WINDOWS;C:\WINDOWS\System32\Wbem;c:\Program Files (x86)\Microsoft Application Virtualization Client;c:\Program Files (x86)\Open Text\View\bin;C:\WINDOWS\System32\WindowsPowerShell\v1.0\;C:\WINDOWS\System32\WindowsPowerShell\v1.0\;C:\Program Files (x86)\ATI Technologies\ATI.ACE\Core-Static;C:\Program Files (x86)\OpenText\Viewer\bin;C:\Program Files (x86)\Windows Kits\8.1\Windows Performance Toolkit\;C:\Program Files\Microsoft SQL Server\110\Tools\Binn\;C:\Program Files\Java\jre7\bin
USERNAME=C5213040
OS=Windows_NT
PROCESSOR_IDENTIFIER=Intel64 Family 6 Model 42 Stepping 7, GenuineIntel



---------------  S Y S T E M  ---------------

OS: Windows 7 , 64 bit Build 7601 Service Pack 1

CPU:total 8 (4 cores per cpu, 2 threads per core) family 6 model 42 stepping 7, cmov, cx8, fxsr, mmx, sse, sse2, sse3, ssse3, sse4.1, sse4.2, popcnt, avx, aes, ht, tsc, tscinvbit

Memory: 4k page, physical 16734536k(11651956k free), swap 33774416k(26304632k free)

vm_info: Java HotSpot(TM) 64-Bit Server VM (24.65-b04) for windows-amd64 JRE (1.7.0_67-b01), built on Jul 25 2014 08:55:00 by "java_re" with unknown MS VC++:1600

time: Thu Oct 02 15:29:51 2014
elapsed time: 1520 seconds

